{"D:\\WORKSTATION\\PROJECT\\NewParkingLot\\ParkingLot\\src\\controller\\user_commands.js": {"path":"D:\\WORKSTATION\\PROJECT\\NewParkingLot\\ParkingLot\\src\\controller\\user_commands.js","statementMap":{"0":{"start":{"line":1,"column":0},"end":{"line":1,"column":25}},"1":{"start":{"line":2,"column":14},"end":{"line":2,"column":59}},"2":{"start":{"line":3,"column":22},"end":{"line":3,"column":35}},"3":{"start":{"line":13,"column":20},"end":{"line":13,"column":39}},"4":{"start":{"line":17,"column":2},"end":{"line":17,"column":16}},"5":{"start":{"line":18,"column":2},"end":{"line":67,"column":3}},"6":{"start":{"line":20,"column":6},"end":{"line":26,"column":7}},"7":{"start":{"line":21,"column":8},"end":{"line":21,"column":70}},"8":{"start":{"line":22,"column":8},"end":{"line":22,"column":100}},"9":{"start":{"line":25,"column":8},"end":{"line":25,"column":49}},"10":{"start":{"line":27,"column":6},"end":{"line":27,"column":12}},"11":{"start":{"line":30,"column":6},"end":{"line":36,"column":7}},"12":{"start":{"line":31,"column":8},"end":{"line":31,"column":61}},"13":{"start":{"line":32,"column":8},"end":{"line":32,"column":80}},"14":{"start":{"line":35,"column":8},"end":{"line":35,"column":49}},"15":{"start":{"line":37,"column":6},"end":{"line":37,"column":12}},"16":{"start":{"line":40,"column":6},"end":{"line":49,"column":7}},"17":{"start":{"line":41,"column":8},"end":{"line":41,"column":59}},"18":{"start":{"line":42,"column":8},"end":{"line":42,"column":66}},"19":{"start":{"line":43,"column":33},"end":{"line":43,"column":52}},"20":{"start":{"line":44,"column":8},"end":{"line":44,"column":162}},"21":{"start":{"line":48,"column":8},"end":{"line":48,"column":44}},"22":{"start":{"line":50,"column":6},"end":{"line":50,"column":12}},"23":{"start":{"line":53,"column":6},"end":{"line":59,"column":7}},"24":{"start":{"line":54,"column":32},"end":{"line":54,"column":68}},"25":{"start":{"line":55,"column":8},"end":{"line":55,"column":50}},"26":{"start":{"line":58,"column":8},"end":{"line":58,"column":49}},"27":{"start":{"line":60,"column":6},"end":{"line":60,"column":12}},"28":{"start":{"line":63,"column":6},"end":{"line":63,"column":22}},"29":{"start":{"line":65,"column":6},"end":{"line":65,"column":66}},"30":{"start":{"line":66,"column":6},"end":{"line":66,"column":12}},"31":{"start":{"line":70,"column":0},"end":{"line":70,"column":37}}},"fnMap":{"0":{"name":"processUserCommands","decl":{"start":{"line":12,"column":9},"end":{"line":12,"column":28}},"loc":{"start":{"line":12,"column":36},"end":{"line":69,"column":1}},"line":12}},"branchMap":{"0":{"loc":{"start":{"line":18,"column":2},"end":{"line":67,"column":3}},"type":"switch","locations":[{"start":{"line":19,"column":4},"end":{"line":27,"column":12}},{"start":{"line":29,"column":4},"end":{"line":37,"column":12}},{"start":{"line":39,"column":4},"end":{"line":50,"column":12}},{"start":{"line":52,"column":4},"end":{"line":60,"column":12}},{"start":{"line":62,"column":4},"end":{"line":63,"column":22}},{"start":{"line":64,"column":4},"end":{"line":66,"column":12}}],"line":18}},"s":{"0":1,"1":1,"2":1,"3":26,"4":26,"5":26,"6":10,"7":10,"8":9,"9":1,"10":10,"11":9,"12":9,"13":7,"14":2,"15":9,"16":3,"17":3,"18":2,"19":2,"20":2,"21":1,"22":3,"23":2,"24":2,"25":1,"26":1,"27":2,"28":1,"29":2,"30":2,"31":1},"f":{"0":26},"b":{"0":[10,9,3,2,1,2]},"_coverageSchema":"1a1c01bbd47fc00a2c39e90264f33305004495a9","hash":"a4992085bb6a44398e2943f1d4955f9cf7660e1f"}
,"D:\\WORKSTATION\\PROJECT\\NewParkingLot\\ParkingLot\\src\\models\\car.js": {"path":"D:\\WORKSTATION\\PROJECT\\NewParkingLot\\ParkingLot\\src\\models\\car.js","statementMap":{"0":{"start":{"line":4,"column":4},"end":{"line":4,"column":25}},"1":{"start":{"line":8,"column":0},"end":{"line":8,"column":21}}},"fnMap":{"0":{"name":"(anonymous_0)","decl":{"start":{"line":3,"column":2},"end":{"line":3,"column":3}},"loc":{"start":{"line":3,"column":22},"end":{"line":5,"column":3}},"line":3}},"branchMap":{},"s":{"0":8,"1":2},"f":{"0":8},"b":{},"_coverageSchema":"1a1c01bbd47fc00a2c39e90264f33305004495a9","hash":"4aa2d569088a362ef8b9f4f4eeb466d6c86b225e"}
,"D:\\WORKSTATION\\PROJECT\\NewParkingLot\\ParkingLot\\src\\models\\parking_lot.js": {"path":"D:\\WORKSTATION\\PROJECT\\NewParkingLot\\ParkingLot\\src\\models\\parking_lot.js","statementMap":{"0":{"start":{"line":5,"column":4},"end":{"line":5,"column":19}},"1":{"start":{"line":6,"column":4},"end":{"line":6,"column":21}},"2":{"start":{"line":11,"column":0},"end":{"line":11,"column":28}}},"fnMap":{"0":{"name":"(anonymous_0)","decl":{"start":{"line":4,"column":2},"end":{"line":4,"column":3}},"loc":{"start":{"line":4,"column":25},"end":{"line":8,"column":3}},"line":4}},"branchMap":{},"s":{"0":45,"1":45,"2":2},"f":{"0":45},"b":{},"_coverageSchema":"1a1c01bbd47fc00a2c39e90264f33305004495a9","hash":"34b2053bb345e577784004c9c8fc0c4e58ff4e57"}
,"D:\\WORKSTATION\\PROJECT\\NewParkingLot\\ParkingLot\\src\\models\\parking_slot.js": {"path":"D:\\WORKSTATION\\PROJECT\\NewParkingLot\\ParkingLot\\src\\models\\parking_slot.js","statementMap":{"0":{"start":{"line":3,"column":4},"end":{"line":3,"column":31}},"1":{"start":{"line":4,"column":4},"end":{"line":4,"column":36}},"2":{"start":{"line":8,"column":0},"end":{"line":8,"column":29}}},"fnMap":{"0":{"name":"(anonymous_0)","decl":{"start":{"line":2,"column":2},"end":{"line":2,"column":3}},"loc":{"start":{"line":2,"column":16},"end":{"line":5,"column":3}},"line":2}},"branchMap":{},"s":{"0":2,"1":2,"2":2},"f":{"0":2},"b":{},"_coverageSchema":"1a1c01bbd47fc00a2c39e90264f33305004495a9","hash":"56f7df7ac21eee8355103cc74f19a9b648060a66"}
,"D:\\WORKSTATION\\PROJECT\\NewParkingLot\\ParkingLot\\src\\services\\parking_lot_service.js": {"path":"D:\\WORKSTATION\\PROJECT\\NewParkingLot\\ParkingLot\\src\\services\\parking_lot_service.js","statementMap":{"0":{"start":{"line":2,"column":17},"end":{"line":2,"column":52}},"1":{"start":{"line":3,"column":10},"end":{"line":3,"column":37}},"2":{"start":{"line":4,"column":20},"end":{"line":4,"column":56}},"3":{"start":{"line":6,"column":17},"end":{"line":6,"column":34}},"4":{"start":{"line":17,"column":4},"end":{"line":17,"column":65}},"5":{"start":{"line":19,"column":4},"end":{"line":22,"column":5}},"6":{"start":{"line":21,"column":6},"end":{"line":21,"column":77}},"7":{"start":{"line":23,"column":4},"end":{"line":23,"column":33}},"8":{"start":{"line":24,"column":4},"end":{"line":26,"column":5}},"9":{"start":{"line":24,"column":17},"end":{"line":24,"column":18}},"10":{"start":{"line":25,"column":6},"end":{"line":25,"column":60}},"11":{"start":{"line":27,"column":4},"end":{"line":27,"column":40}},"12":{"start":{"line":37,"column":4},"end":{"line":58,"column":5}},"13":{"start":{"line":39,"column":6},"end":{"line":55,"column":7}},"14":{"start":{"line":40,"column":8},"end":{"line":40,"column":40}},"15":{"start":{"line":41,"column":8},"end":{"line":43,"column":9}},"16":{"start":{"line":42,"column":10},"end":{"line":42,"column":64}},"17":{"start":{"line":44,"column":8},"end":{"line":46,"column":9}},"18":{"start":{"line":44,"column":52},"end":{"line":44,"column":85}},"19":{"start":{"line":45,"column":10},"end":{"line":45,"column":94}},"20":{"start":{"line":47,"column":20},"end":{"line":47,"column":85}},"21":{"start":{"line":47,"column":65},"end":{"line":47,"column":84}},"22":{"start":{"line":48,"column":10},"end":{"line":48,"column":66}},"23":{"start":{"line":49,"column":10},"end":{"line":49,"column":28}},"24":{"start":{"line":50,"column":10},"end":{"line":50,"column":23}},"25":{"start":{"line":54,"column":8},"end":{"line":54,"column":54}},"26":{"start":{"line":57,"column":6},"end":{"line":57,"column":64}},"27":{"start":{"line":68,"column":4},"end":{"line":87,"column":5}},"28":{"start":{"line":69,"column":22},"end":{"line":69,"column":41}},"29":{"start":{"line":70,"column":17},"end":{"line":70,"column":46}},"30":{"start":{"line":71,"column":6},"end":{"line":71,"column":80}},"31":{"start":{"line":71,"column":24},"end":{"line":71,"column":78}},"32":{"start":{"line":72,"column":6},"end":{"line":74,"column":7}},"33":{"start":{"line":72,"column":51},"end":{"line":72,"column":84}},"34":{"start":{"line":73,"column":8},"end":{"line":73,"column":75}},"35":{"start":{"line":75,"column":6},"end":{"line":83,"column":7}},"36":{"start":{"line":76,"column":20},"end":{"line":76,"column":100}},"37":{"start":{"line":76,"column":65},"end":{"line":76,"column":99}},"38":{"start":{"line":78,"column":10},"end":{"line":78,"column":52}},"39":{"start":{"line":79,"column":10},"end":{"line":79,"column":27}},"40":{"start":{"line":82,"column":8},"end":{"line":82,"column":59}},"41":{"start":{"line":86,"column":6},"end":{"line":86,"column":64}},"42":{"start":{"line":97,"column":15},"end":{"line":97,"column":44}},"43":{"start":{"line":98,"column":17},"end":{"line":98,"column":19}},"44":{"start":{"line":99,"column":4},"end":{"line":101,"column":5}},"45":{"start":{"line":100,"column":6},"end":{"line":100,"column":34}},"46":{"start":{"line":102,"column":4},"end":{"line":102,"column":18}},"47":{"start":{"line":110,"column":14},"end":{"line":110,"column":25}},"48":{"start":{"line":111,"column":4},"end":{"line":121,"column":5}},"49":{"start":{"line":112,"column":6},"end":{"line":112,"column":41}},"50":{"start":{"line":113,"column":18},"end":{"line":113,"column":80}},"51":{"start":{"line":113,"column":60},"end":{"line":113,"column":79}},"52":{"start":{"line":114,"column":6},"end":{"line":116,"column":7}},"53":{"start":{"line":114,"column":19},"end":{"line":114,"column":20}},"54":{"start":{"line":115,"column":8},"end":{"line":115,"column":66}},"55":{"start":{"line":117,"column":6},"end":{"line":117,"column":17}},"56":{"start":{"line":120,"column":6},"end":{"line":120,"column":53}},"57":{"start":{"line":129,"column":22},"end":{"line":129,"column":27}},"58":{"start":{"line":130,"column":4},"end":{"line":134,"column":5}},"59":{"start":{"line":130,"column":17},"end":{"line":130,"column":18}},"60":{"start":{"line":131,"column":6},"end":{"line":133,"column":7}},"61":{"start":{"line":132,"column":8},"end":{"line":132,"column":27}},"62":{"start":{"line":135,"column":4},"end":{"line":135,"column":23}},"63":{"start":{"line":140,"column":0},"end":{"line":140,"column":35}}},"fnMap":{"0":{"name":"(anonymous_0)","decl":{"start":{"line":16,"column":2},"end":{"line":16,"column":3}},"loc":{"start":{"line":16,"column":26},"end":{"line":28,"column":3}},"line":16},"1":{"name":"(anonymous_1)","decl":{"start":{"line":36,"column":2},"end":{"line":36,"column":3}},"loc":{"start":{"line":36,"column":17},"end":{"line":59,"column":3}},"line":36},"2":{"name":"(anonymous_2)","decl":{"start":{"line":44,"column":41},"end":{"line":44,"column":42}},"loc":{"start":{"line":44,"column":52},"end":{"line":44,"column":85}},"line":44},"3":{"name":"(anonymous_3)","decl":{"start":{"line":47,"column":54},"end":{"line":47,"column":55}},"loc":{"start":{"line":47,"column":65},"end":{"line":47,"column":84}},"line":47},"4":{"name":"(anonymous_4)","decl":{"start":{"line":67,"column":2},"end":{"line":67,"column":3}},"loc":{"start":{"line":67,"column":15},"end":{"line":89,"column":3}},"line":67},"5":{"name":"(anonymous_5)","decl":{"start":{"line":72,"column":40},"end":{"line":72,"column":41}},"loc":{"start":{"line":72,"column":51},"end":{"line":72,"column":84}},"line":72},"6":{"name":"(anonymous_6)","decl":{"start":{"line":76,"column":54},"end":{"line":76,"column":55}},"loc":{"start":{"line":76,"column":65},"end":{"line":76,"column":99}},"line":76},"7":{"name":"(anonymous_7)","decl":{"start":{"line":96,"column":2},"end":{"line":96,"column":3}},"loc":{"start":{"line":96,"column":26},"end":{"line":103,"column":3}},"line":96},"8":{"name":"(anonymous_8)","decl":{"start":{"line":109,"column":2},"end":{"line":109,"column":3}},"loc":{"start":{"line":109,"column":21},"end":{"line":122,"column":3}},"line":109},"9":{"name":"(anonymous_9)","decl":{"start":{"line":113,"column":49},"end":{"line":113,"column":50}},"loc":{"start":{"line":113,"column":60},"end":{"line":113,"column":79}},"line":113},"10":{"name":"(anonymous_10)","decl":{"start":{"line":128,"column":2},"end":{"line":128,"column":3}},"loc":{"start":{"line":128,"column":27},"end":{"line":136,"column":3}},"line":128}},"branchMap":{"0":{"loc":{"start":{"line":19,"column":4},"end":{"line":22,"column":5}},"type":"if","locations":[{"start":{"line":19,"column":4},"end":{"line":22,"column":5}},{"start":{"line":19,"column":4},"end":{"line":22,"column":5}}],"line":19},"1":{"loc":{"start":{"line":19,"column":8},"end":{"line":19,"column":74}},"type":"binary-expr","locations":[{"start":{"line":19,"column":8},"end":{"line":19,"column":41}},{"start":{"line":19,"column":45},"end":{"line":19,"column":74}}],"line":19},"2":{"loc":{"start":{"line":37,"column":4},"end":{"line":58,"column":5}},"type":"if","locations":[{"start":{"line":37,"column":4},"end":{"line":58,"column":5}},{"start":{"line":37,"column":4},"end":{"line":58,"column":5}}],"line":37},"3":{"loc":{"start":{"line":39,"column":6},"end":{"line":55,"column":7}},"type":"if","locations":[{"start":{"line":39,"column":6},"end":{"line":55,"column":7}},{"start":{"line":39,"column":6},"end":{"line":55,"column":7}}],"line":39},"4":{"loc":{"start":{"line":41,"column":8},"end":{"line":43,"column":9}},"type":"if","locations":[{"start":{"line":41,"column":8},"end":{"line":43,"column":9}},{"start":{"line":41,"column":8},"end":{"line":43,"column":9}}],"line":41},"5":{"loc":{"start":{"line":44,"column":8},"end":{"line":46,"column":9}},"type":"if","locations":[{"start":{"line":44,"column":8},"end":{"line":46,"column":9}},{"start":{"line":44,"column":8},"end":{"line":46,"column":9}}],"line":44},"6":{"loc":{"start":{"line":68,"column":4},"end":{"line":87,"column":5}},"type":"if","locations":[{"start":{"line":68,"column":4},"end":{"line":87,"column":5}},{"start":{"line":68,"column":4},"end":{"line":87,"column":5}}],"line":68},"7":{"loc":{"start":{"line":71,"column":6},"end":{"line":71,"column":80}},"type":"if","locations":[{"start":{"line":71,"column":6},"end":{"line":71,"column":80}},{"start":{"line":71,"column":6},"end":{"line":71,"column":80}}],"line":71},"8":{"loc":{"start":{"line":72,"column":6},"end":{"line":74,"column":7}},"type":"if","locations":[{"start":{"line":72,"column":6},"end":{"line":74,"column":7}},{"start":{"line":72,"column":6},"end":{"line":74,"column":7}}],"line":72},"9":{"loc":{"start":{"line":75,"column":6},"end":{"line":83,"column":7}},"type":"if","locations":[{"start":{"line":75,"column":6},"end":{"line":83,"column":7}},{"start":{"line":75,"column":6},"end":{"line":83,"column":7}}],"line":75},"10":{"loc":{"start":{"line":99,"column":4},"end":{"line":101,"column":5}},"type":"if","locations":[{"start":{"line":99,"column":4},"end":{"line":101,"column":5}},{"start":{"line":99,"column":4},"end":{"line":101,"column":5}}],"line":99},"11":{"loc":{"start":{"line":111,"column":4},"end":{"line":121,"column":5}},"type":"if","locations":[{"start":{"line":111,"column":4},"end":{"line":121,"column":5}},{"start":{"line":111,"column":4},"end":{"line":121,"column":5}}],"line":111},"12":{"loc":{"start":{"line":131,"column":6},"end":{"line":133,"column":7}},"type":"if","locations":[{"start":{"line":131,"column":6},"end":{"line":133,"column":7}},{"start":{"line":131,"column":6},"end":{"line":133,"column":7}}],"line":131}},"s":{"0":2,"1":2,"2":2,"3":2,"4":12,"5":12,"6":1,"7":11,"8":11,"9":11,"10":45,"11":11,"12":12,"13":11,"14":10,"15":10,"16":1,"17":9,"18":36,"19":1,"20":8,"21":8,"22":8,"23":8,"24":8,"25":1,"26":1,"27":6,"28":5,"29":5,"30":5,"31":1,"32":4,"33":5,"34":1,"35":3,"36":2,"37":2,"38":2,"39":2,"40":1,"41":1,"42":2,"43":2,"44":2,"45":1,"46":2,"47":2,"48":2,"49":1,"50":1,"51":6,"52":1,"53":1,"54":1,"55":1,"56":1,"57":11,"58":11,"59":11,"60":40,"61":38,"62":11,"63":2},"f":{"0":12,"1":12,"2":36,"3":8,"4":6,"5":5,"6":2,"7":2,"8":2,"9":6,"10":11},"b":{"0":[1,11],"1":[12,11],"2":[11,1],"3":[10,1],"4":[1,9],"5":[1,8],"6":[5,1],"7":[1,4],"8":[1,3],"9":[2,1],"10":[1,1],"11":[1,1],"12":[38,2]},"_coverageSchema":"1a1c01bbd47fc00a2c39e90264f33305004495a9","hash":"52d67c79a152081c32d573b700bc9e4d04beb469"}
}
