TN:
SF:src\controller\user_commands.js
FN:12,processUserCommands
FNF:1
FNH:1
FNDA:26,processUserCommands
DA:1,1
DA:2,1
DA:3,1
DA:13,26
DA:17,26
DA:18,26
DA:20,10
DA:21,10
DA:22,9
DA:25,1
DA:27,10
DA:30,9
DA:31,9
DA:32,7
DA:35,2
DA:37,9
DA:40,3
DA:41,3
DA:42,2
DA:43,2
DA:44,2
DA:48,1
DA:50,3
DA:53,2
DA:54,2
DA:55,1
DA:58,1
DA:60,2
DA:63,1
DA:65,2
DA:66,2
DA:70,1
LF:32
LH:32
BRDA:18,0,0,10
BRDA:18,0,1,9
BRDA:18,0,2,3
BRDA:18,0,3,2
BRDA:18,0,4,1
BRDA:18,0,5,2
BRF:6
BRH:6
end_of_record
TN:
SF:src\models\car.js
FN:3,(anonymous_0)
FNF:1
FNH:1
FNDA:8,(anonymous_0)
DA:4,8
DA:8,2
LF:2
LH:2
BRF:0
BRH:0
end_of_record
TN:
SF:src\models\parking_lot.js
FN:4,(anonymous_0)
FNF:1
FNH:1
FNDA:45,(anonymous_0)
DA:5,45
DA:6,45
DA:11,2
LF:3
LH:3
BRF:0
BRH:0
end_of_record
TN:
SF:src\models\parking_slot.js
FN:2,(anonymous_0)
FNF:1
FNH:1
FNDA:2,(anonymous_0)
DA:3,2
DA:4,2
DA:8,2
LF:3
LH:3
BRF:0
BRH:0
end_of_record
TN:
SF:src\services\parking_lot_service.js
FN:16,(anonymous_0)
FN:36,(anonymous_1)
FN:44,(anonymous_2)
FN:47,(anonymous_3)
FN:67,(anonymous_4)
FN:72,(anonymous_5)
FN:76,(anonymous_6)
FN:96,(anonymous_7)
FN:109,(anonymous_8)
FN:113,(anonymous_9)
FN:128,(anonymous_10)
FNF:11
FNH:11
FNDA:12,(anonymous_0)
FNDA:12,(anonymous_1)
FNDA:36,(anonymous_2)
FNDA:8,(anonymous_3)
FNDA:6,(anonymous_4)
FNDA:5,(anonymous_5)
FNDA:2,(anonymous_6)
FNDA:2,(anonymous_7)
FNDA:2,(anonymous_8)
FNDA:6,(anonymous_9)
FNDA:11,(anonymous_10)
DA:2,2
DA:3,2
DA:4,2
DA:6,2
DA:17,12
DA:19,12
DA:21,1
DA:23,11
DA:24,11
DA:25,45
DA:27,11
DA:37,12
DA:39,11
DA:40,10
DA:41,10
DA:42,1
DA:44,36
DA:45,1
DA:47,8
DA:48,8
DA:49,8
DA:50,8
DA:54,1
DA:57,1
DA:68,6
DA:69,5
DA:70,5
DA:71,5
DA:72,5
DA:73,1
DA:75,3
DA:76,2
DA:78,2
DA:79,2
DA:82,1
DA:86,1
DA:97,2
DA:98,2
DA:99,2
DA:100,1
DA:102,2
DA:110,2
DA:111,2
DA:112,1
DA:113,6
DA:114,1
DA:115,1
DA:117,1
DA:120,1
DA:129,11
DA:130,11
DA:131,40
DA:132,38
DA:135,11
DA:140,2
LF:55
LH:55
BRDA:19,0,0,1
BRDA:19,0,1,11
BRDA:19,1,0,12
BRDA:19,1,1,11
BRDA:37,2,0,11
BRDA:37,2,1,1
BRDA:39,3,0,10
BRDA:39,3,1,1
BRDA:41,4,0,1
BRDA:41,4,1,9
BRDA:44,5,0,1
BRDA:44,5,1,8
BRDA:68,6,0,5
BRDA:68,6,1,1
BRDA:71,7,0,1
BRDA:71,7,1,4
BRDA:72,8,0,1
BRDA:72,8,1,3
BRDA:75,9,0,2
BRDA:75,9,1,1
BRDA:99,10,0,1
BRDA:99,10,1,1
BRDA:111,11,0,1
BRDA:111,11,1,1
BRDA:131,12,0,38
BRDA:131,12,1,2
BRF:26
BRH:26
end_of_record
